-------------------------------------------------------------------------
bootstrap_0 running on host: batch3.summit.olcf.ornl.gov.
bootstrap_0 started as     : '/gpfs/alpine/scratch/litan/med110/radical.pilot.sandbox/re.session.login1.litan.018465.0001/bootstrap_0.sh -d radical.utils-1.3.1.tar.gz:radical.saga-1.3.0.tar.gz:radical.pilot-1.3.0.tar.gz -p pilot.0000 -s re.session.login1.litan.018465.0001 -m create -r local -b default -g default -v /gpfs/alpine/scratch/litan/med110/radical.pilot.sandbox/ve.ornl.summit.1.3.0 -y 1440 -e module unload xl -e module unload xalt -e module unload spectrum-mpi -e module load   gcc/8.1.1 -e module load   zeromq/4.2.5 -e module load   python/3.7.0 -e module load   py-pip/10.0.1-py3 -e module load   py-virtualenv/16.0.0 -e module load   py-setuptools/40.4.3-py3 -e module use    /sw/summit/ums/ompix/gcc/8.1.1/modules -e module load   prrte/1.0.0_devtiming -e export PRRTE_PREFIX=$PRRTE_DIR -w module unload xl -w module unload xalt -w module unload spectrum-mpi -w module load   gcc/8.1.1 -w module load   zeromq/4.2.5 -w module load   python/3.7.0 -w module load   py-pip/10.0.1-py3 -w module load   py-virtualenv/16.0.0 -w module load   py-setuptools/40.4.3-py3 -w module use    /sw/summit/ums/ompix/gcc/8.1.1/modules -w module load   prrte/1.0.0_devtiming -w export PRRTE_PREFIX=$PRRTE_DIR -w ulimit -u 65536'
safe environment of bootstrap_0
# -----------------------------------------------------------------------
bootstrap_0 stderr redirected to stdout

# -------------------------------------------------------------------
#
# Running pre_bootstrap_0 command
# cmd: module unload xl
#

Inactive Modules:
  1) spectrum-mpi

#
# SUCCESS
#
# -------------------------------------------------------------------

# -------------------------------------------------------------------
#
# Running pre_bootstrap_0 command
# cmd: module unload xalt
#
#
# SUCCESS
#
# -------------------------------------------------------------------

# -------------------------------------------------------------------
#
# Running pre_bootstrap_0 command
# cmd: module unload spectrum-mpi
#
#
# SUCCESS
#
# -------------------------------------------------------------------

# -------------------------------------------------------------------
#
# Running pre_bootstrap_0 command
# cmd: module load   gcc/8.1.1
#
#
# SUCCESS
#
# -------------------------------------------------------------------

# -------------------------------------------------------------------
#
# Running pre_bootstrap_0 command
# cmd: module load   zeromq/4.2.5
#
#
# SUCCESS
#
# -------------------------------------------------------------------

# -------------------------------------------------------------------
#
# Running pre_bootstrap_0 command
# cmd: module load   python/3.7.0
#
#
# SUCCESS
#
# -------------------------------------------------------------------

# -------------------------------------------------------------------
#
# Running pre_bootstrap_0 command
# cmd: module load   py-pip/10.0.1-py3
#
#
# SUCCESS
#
# -------------------------------------------------------------------

# -------------------------------------------------------------------
#
# Running pre_bootstrap_0 command
# cmd: module load   py-virtualenv/16.0.0
#
#
# SUCCESS
#
# -------------------------------------------------------------------

# -------------------------------------------------------------------
#
# Running pre_bootstrap_0 command
# cmd: module load   py-setuptools/40.4.3-py3
#
#
# SUCCESS
#
# -------------------------------------------------------------------

# -------------------------------------------------------------------
#
# Running pre_bootstrap_0 command
# cmd: module use    /sw/summit/ums/ompix/gcc/8.1.1/modules
#
#
# SUCCESS
#
# -------------------------------------------------------------------

# -------------------------------------------------------------------
#
# Running pre_bootstrap_0 command
# cmd: module load   prrte/1.0.0_devtiming
#
#
# SUCCESS
#
# -------------------------------------------------------------------

# -------------------------------------------------------------------
#
# Running pre_bootstrap_0 command
# cmd: export PRRTE_PREFIX=$PRRTE_DIR
#
#
# SUCCESS
#
# -------------------------------------------------------------------
# -------------------------------------------------------------------
# Touching output tarballs
# -------------------------------------------------------------------
create gtod
0.0000,bootstrap_0_start,bootstrap_0,MainThread,pilot.0000,PMGR_ACTIVE_PENDING,
VIRTENV : /gpfs/alpine/scratch/litan/med110/radical.pilot.sandbox/ve.ornl.summit.1.3.0
VIRTENV : /gpfs/alpine/med110/scratch/litan/radical.pilot.sandbox/ve.ornl.summit.1.3.0 (normalized)
PYTHON: /autofs/nccs-svm1_sw/summit/.swci/0-core/opt/spack/20180914/linux-rhel7-ppc64le/gcc-4.8.5/python-3.7.0-ei3mpdncii74xsn55t5kxpuc46i3oezn/bin/python
PIP   : /autofs/nccs-svm1_sw/summit/.swci/0-core/opt/spack/20180914/linux-rhel7-ppc64le/gcc-4.8.5/python-3.7.0-ei3mpdncii74xsn55t5kxpuc46i3oezn/bin/python -m pip --cert /gpfs/alpine/scratch/litan/med110/radical.pilot.sandbox/re.session.login1.litan.018465.0001/pilot.0000/../cacert.pem
0.0000,ve_setup_start,bootstrap_0,MainThread,pilot.0000,PMGR_ACTIVE_PENDING,
virtenv_create   : TRUE
virtenv_update   : FALSE
rp install sources:  radical.utils-1.3.1/ radical.saga-1.3.0/ radical.pilot-1.3.0/
rp install target : SANDBOX
rp install lock   : FALSE
virtenv /gpfs/alpine/med110/scratch/litan/radical.pilot.sandbox/ve.ornl.summit.1.3.0 exists
1.0000,ve_activate_start,bootstrap_0,MainThread,pilot.0000,PMGR_ACTIVE_PENDING,
PYTHON: /gpfs/alpine/med110/scratch/litan/radical.pilot.sandbox/ve.ornl.summit.1.3.0/bin/python
PIP   : /gpfs/alpine/med110/scratch/litan/radical.pilot.sandbox/ve.ornl.summit.1.3.0/bin/python -m pip --cert /gpfs/alpine/scratch/litan/med110/radical.pilot.sandbox/re.session.login1.litan.018465.0001/pilot.0000/../cacert.pem
PYTHON INTERPRETER: /gpfs/alpine/med110/scratch/litan/radical.pilot.sandbox/ve.ornl.summit.1.3.0/bin/python
PYTHON_VERSION    : 3.7
VE_MOD_PREFIX     : /gpfs/alpine/med110/scratch/litan/radical.pilot.sandbox/ve.ornl.summit.1.3.0/lib/python3.7/site-packages
PIP installer     : /gpfs/alpine/med110/scratch/litan/radical.pilot.sandbox/ve.ornl.summit.1.3.0/bin/python -m pip --cert /gpfs/alpine/scratch/litan/med110/radical.pilot.sandbox/re.session.login1.litan.018465.0001/pilot.0000/../cacert.pem
PIP version       : pip 10.0.1 from /autofs/nccs-svm1_sw/summit/.swci/0-core/opt/spack/20180914/linux-rhel7-ppc64le/gcc-4.8.5/py-pip-10.0.1-ppmoqmblkncxkfwytkqpu4afmqylywbj/lib/python3.7/site-packages/pip (python 3.7)
/gpfs/alpine/scratch/litan/med110/radical.pilot.sandbox/re.session.login1.litan.018465.0001/bootstrap_0.sh: line 887: export: `/gpfs/alpine/med110/scratch/litan/radical.pilot.sandbox/ve.ornl.summit.1.3.0/bin:/gpfs/alpine/med110/scratch/litan/radical.pilot.sandbox/ve.ornl.summit.1.3.0/bin:/sw/sources/lsf-tools/2.0/summit/bin:/sw/summit/ums/ompix/gcc/8.1.1/install/prrte-dev-withtimings/bin:/autofs/nccs-svm1_sw/summit/.swci/0-core/opt/spack/20180914/linux-rhel7-ppc64le/gcc-4.8.5/py-setuptools-40.4.3-xynpmbuwujfkcw52tegkndot6jj5bye5/bin:/autofs/nccs-svm1_sw/summit/.swci/0-core/opt/spack/20180914/linux-rhel7-ppc64le/gcc-4.8.5/py-virtualenv-16.0.0-ohsvxc5mf4aornhyrfp4ecea5bzcowon/bin:/autofs/nccs-svm1_sw/summit/.swci/0-core/opt/spack/20180914/linux-rhel7-ppc64le/gcc-4.8.5/py-pip-10.0.1-ppmoqmblkncxkfwytkqpu4afmqylywbj/bin:/autofs/nccs-svm1_sw/summit/.swci/0-core/opt/spack/20180914/linux-rhel7-ppc64le/gcc-4.8.5/python-3.7.0-ei3mpdncii74xsn55t5kxpuc46i3oezn/bin:/autofs/nccs-svm1_sw/summit/.swci/1-compute/opt/spack/20180914/linux-rhel7-ppc64le/gcc-8.1.1/zeromq-4.2.5-7rfblal2q7klw76ot57stcrasifjddzo/bin:/sw/summit/gcc/8.1.1/bin:/usr/bin:/usr/sbin:/opt/ibm/csm/bin:/opt/ibm/spectrumcomputing/lsf/10.1.0.9/linux3.10-glibc2.17-ppc64le-csm/bin:/ccs/home/litan/DrugWorkflows/workflow-3/amber18/bin:/ccs/home/litan/miniconda3/bin:/ccs/home/litan/miniconda3/condabin:/autofs/nccs-svm1_sw/summit/.swci/1-compute/opt/spack/20180914/linux-rhel7-ppc64le/gcc-4.8.5/darshan-runtime-3.1.7-cnvxicgf5j4ap64qi6v5gxp67hmrjz43/bin:/sw/sources/hpss/bin:/opt/ibm/spectrumcomputing/lsf/10.1.0.9/linux3.10-glibc2.17-ppc64le-csm/etc:/usr/local/bin:/usr/local/sbin:/opt/ibm/flightlog/bin:/opt/ibutils/bin:/opt/ibm/spectrum_mpi/jsm_pmix/bin:/opt/puppetlabs/bin:/usr/lpp/mmfs/bin:.local/summit/anaconda3/5.3.0/3.7/bin:/ccs/home/litan/miniconda2/bin': not a valid identifier
activated virtenv
VIRTENV      : /gpfs/alpine/med110/scratch/litan/radical.pilot.sandbox/ve.ornl.summit.1.3.0
VE_PYTHONPATH: /autofs/nccs-svm1_sw/summit/.swci/0-core/opt/spack/20180914/linux-rhel7-ppc64le/gcc-4.8.5/py-setuptools-40.4.3-xynpmbuwujfkcw52tegkndot6jj5bye5/lib/python3.7/site-packages:/autofs/nccs-svm1_sw/summit/.swci/0-core/opt/spack/20180914/linux-rhel7-ppc64le/gcc-4.8.5/py-virtualenv-16.0.0-ohsvxc5mf4aornhyrfp4ecea5bzcowon/lib/python2.7/site-packages:/autofs/nccs-svm1_sw/summit/.swci/0-core/opt/spack/20180914/linux-rhel7-ppc64le/gcc-4.8.5/py-pip-10.0.1-ppmoqmblkncxkfwytkqpu4afmqylywbj/lib/python3.7/site-packages:/ccs/home/litan/DrugWorkflows/workflow-3/amber18/lib/python2.7/site-packages
VE_MOD_PREFIX: /gpfs/alpine/med110/scratch/litan/radical.pilot.sandbox/ve.ornl.summit.1.3.0/lib/python3.7/site-packages
RP_MOD_PREFIX: /gpfs/alpine/med110/scratch/litan/radical.pilot.sandbox/ve.ornl.summit.1.3.0/rp_install/lib/python3.7/site-packages
RP_PATH      : /gpfs/alpine/med110/scratch/litan/radical.pilot.sandbox/ve.ornl.summit.1.3.0/bin
8.0000,ve_activate_stop,bootstrap_0,MainThread,pilot.0000,PMGR_ACTIVE_PENDING,
do not update virtenv /gpfs/alpine/med110/scratch/litan/radical.pilot.sandbox/ve.ornl.summit.1.3.0
8.0000,rp_install_start,bootstrap_0,MainThread,pilot.0000,PMGR_ACTIVE_PENDING,
Using RADICAL-Pilot install sources ' radical.utils-1.3.1/ radical.saga-1.3.0/ radical.pilot-1.3.0/'
VE_MOD_PREFIX: /gpfs/alpine/med110/scratch/litan/radical.pilot.sandbox/ve.ornl.summit.1.3.0/lib/python3.7/site-packages
VIRTENV      : /gpfs/alpine/med110/scratch/litan/radical.pilot.sandbox/ve.ornl.summit.1.3.0
SANDBOX      : /gpfs/alpine/scratch/litan/med110/radical.pilot.sandbox/re.session.login1.litan.018465.0001/pilot.0000
VE_LOC_PREFIX: 
using local install tree
PYTHONPATH: /gpfs/alpine/scratch/litan/med110/radical.pilot.sandbox/re.session.login1.litan.018465.0001/pilot.0000/rp_install/lib/python3.7/site-packages::/autofs/nccs-svm1_sw/summit/.swci/0-core/opt/spack/20180914/linux-rhel7-ppc64le/gcc-4.8.5/py-setuptools-40.4.3-xynpmbuwujfkcw52tegkndot6jj5bye5/lib/python3.7/site-packages:/autofs/nccs-svm1_sw/summit/.swci/0-core/opt/spack/20180914/linux-rhel7-ppc64le/gcc-4.8.5/py-virtualenv-16.0.0-ohsvxc5mf4aornhyrfp4ecea5bzcowon/lib/python2.7/site-packages:/autofs/nccs-svm1_sw/summit/.swci/0-core/opt/spack/20180914/linux-rhel7-ppc64le/gcc-4.8.5/py-pip-10.0.1-ppmoqmblkncxkfwytkqpu4afmqylywbj/lib/python3.7/site-packages:/ccs/home/litan/DrugWorkflows/workflow-3/amber18/lib/python2.7/site-packages
rp_install: /gpfs/alpine/scratch/litan/med110/radical.pilot.sandbox/re.session.login1.litan.018465.0001/pilot.0000/rp_install/lib/python3.7/site-packages
radicalmod: /gpfs/alpine/scratch/litan/med110/radical.pilot.sandbox/re.session.login1.litan.018465.0001/pilot.0000/rp_install/lib/python3.7/site-packages/radical/

# -------------------------------------------------------------------
#
# update radical.utils-1.3.1/ via pip
# cmd: /gpfs/alpine/med110/scratch/litan/radical.pilot.sandbox/ve.ornl.summit.1.3.0/bin/python -m pip --cert /gpfs/alpine/scratch/litan/med110/radical.pilot.sandbox/re.session.login1.litan.018465.0001/pilot.0000/../cacert.pem install  --src '/gpfs/alpine/scratch/litan/med110/radical.pilot.sandbox/re.session.login1.litan.018465.0001/pilot.0000/rp_install/src' --build '/gpfs/alpine/scratch/litan/med110/radical.pilot.sandbox/re.session.login1.litan.018465.0001/pilot.0000/rp_install/build' --install-option='--prefix=/gpfs/alpine/scratch/litan/med110/radical.pilot.sandbox/re.session.login1.litan.018465.0001/pilot.0000/rp_install' --no-deps --no-cache-dir --no-build-isolation radical.utils-1.3.1/
#
Processing ./radical.utils-1.3.1
Installing collected packages: radical.utils
  Running setup.py install for radical.utils: started
    Running setup.py install for radical.utils: finished with status 'done'
Successfully installed radical.utils
/autofs/nccs-svm1_sw/summit/.swci/0-core/opt/spack/20180914/linux-rhel7-ppc64le/gcc-4.8.5/py-pip-10.0.1-ppmoqmblkncxkfwytkqpu4afmqylywbj/lib/python3.7/site-packages/pip/_internal/commands/install.py:199: UserWarning: Disabling all use of wheels due to the use of --build-options / --global-options / --install-options.
  cmdoptions.check_install_build_global(options)
You are using pip version 10.0.1, however version 20.2b1 is available.
You should consider upgrading via the 'pip install --upgrade pip' command.
#
# SUCCESS
#
# -------------------------------------------------------------------
purge install source at radical.utils-1.3.1/

# -------------------------------------------------------------------
#
# update radical.saga-1.3.0/ via pip
# cmd: /gpfs/alpine/med110/scratch/litan/radical.pilot.sandbox/ve.ornl.summit.1.3.0/bin/python -m pip --cert /gpfs/alpine/scratch/litan/med110/radical.pilot.sandbox/re.session.login1.litan.018465.0001/pilot.0000/../cacert.pem install  --src '/gpfs/alpine/scratch/litan/med110/radical.pilot.sandbox/re.session.login1.litan.018465.0001/pilot.0000/rp_install/src' --build '/gpfs/alpine/scratch/litan/med110/radical.pilot.sandbox/re.session.login1.litan.018465.0001/pilot.0000/rp_install/build' --install-option='--prefix=/gpfs/alpine/scratch/litan/med110/radical.pilot.sandbox/re.session.login1.litan.018465.0001/pilot.0000/rp_install' --no-deps --no-cache-dir --no-build-isolation radical.saga-1.3.0/
#
Processing ./radical.saga-1.3.0
Installing collected packages: radical.saga
  Running setup.py install for radical.saga: started
    Running setup.py install for radical.saga: finished with status 'done'
Successfully installed radical.saga
/autofs/nccs-svm1_sw/summit/.swci/0-core/opt/spack/20180914/linux-rhel7-ppc64le/gcc-4.8.5/py-pip-10.0.1-ppmoqmblkncxkfwytkqpu4afmqylywbj/lib/python3.7/site-packages/pip/_internal/commands/install.py:199: UserWarning: Disabling all use of wheels due to the use of --build-options / --global-options / --install-options.
  cmdoptions.check_install_build_global(options)
You are using pip version 10.0.1, however version 20.2b1 is available.
You should consider upgrading via the 'pip install --upgrade pip' command.
#
# SUCCESS
#
# -------------------------------------------------------------------
purge install source at radical.saga-1.3.0/

# -------------------------------------------------------------------
#
# update radical.pilot-1.3.0/ via pip
# cmd: /gpfs/alpine/med110/scratch/litan/radical.pilot.sandbox/ve.ornl.summit.1.3.0/bin/python -m pip --cert /gpfs/alpine/scratch/litan/med110/radical.pilot.sandbox/re.session.login1.litan.018465.0001/pilot.0000/../cacert.pem install  --src '/gpfs/alpine/scratch/litan/med110/radical.pilot.sandbox/re.session.login1.litan.018465.0001/pilot.0000/rp_install/src' --build '/gpfs/alpine/scratch/litan/med110/radical.pilot.sandbox/re.session.login1.litan.018465.0001/pilot.0000/rp_install/build' --install-option='--prefix=/gpfs/alpine/scratch/litan/med110/radical.pilot.sandbox/re.session.login1.litan.018465.0001/pilot.0000/rp_install' --no-deps --no-cache-dir --no-build-isolation radical.pilot-1.3.0/
#
Processing ./radical.pilot-1.3.0
Installing collected packages: radical.pilot
  Running setup.py install for radical.pilot: started
    Running setup.py install for radical.pilot: finished with status 'done'
Successfully installed radical.pilot
/autofs/nccs-svm1_sw/summit/.swci/0-core/opt/spack/20180914/linux-rhel7-ppc64le/gcc-4.8.5/py-pip-10.0.1-ppmoqmblkncxkfwytkqpu4afmqylywbj/lib/python3.7/site-packages/pip/_internal/commands/install.py:199: UserWarning: Disabling all use of wheels due to the use of --build-options / --global-options / --install-options.
  cmdoptions.check_install_build_global(options)
You are using pip version 10.0.1, however version 20.2b1 is available.
You should consider upgrading via the 'pip install --upgrade pip' command.
#
# SUCCESS
#
# -------------------------------------------------------------------
purge install source at radical.pilot-1.3.0/
34.0000,rp_install_stop,bootstrap_0,MainThread,pilot.0000,PMGR_ACTIVE_PENDING,
34.0000,ve_setup_stop,bootstrap_0,MainThread,pilot.0000,PMGR_ACTIVE_PENDING,
34.0000,ve_activate_start,bootstrap_0,MainThread,pilot.0000,PMGR_ACTIVE_PENDING,
verify python viability: /gpfs/alpine/med110/scratch/litan/radical.pilot.sandbox/ve.ornl.summit.1.3.0/bin/python ... ok
verify module viability: radical.pilot   ... ok
verify module viability: radical.saga    ... ok
verify module viability: radical.utils   ... ok
verify module viability: pymongo         ... ok
verify module viability: colorama        ... ok
verify module viability: hostlist        ... ok
verify module viability: ntplib          ... ok
verify module viability: zmq             ... ok
verify module viability: netifaces       ... ok
verify module viability: setproctitle    ... ok
verify module viability: msgpack         ... ok
verify module viability: future          ... ok
verify module viability: regex           ... ok

---------------------------------------------------------------------

Python 3.7.0 (default, Oct 12 2018, 15:17:16) 
[GCC 4.8.5 20150623 (Red Hat 4.8.5-28)] (/gpfs/alpine/med110/scratch/litan/radical.pilot.sandbox/ve.ornl.summit.1.3.0/bin/python)
PYTHONPATH: /gpfs/alpine/scratch/litan/med110/radical.pilot.sandbox/re.session.login1.litan.018465.0001/pilot.0000/rp_install/lib/python3.7/site-packages::/autofs/nccs-svm1_sw/summit/.swci/0-core/opt/spack/20180914/linux-rhel7-ppc64le/gcc-4.8.5/py-setuptools-40.4.3-xynpmbuwujfkcw52tegkndot6jj5bye5/lib/python3.7/site-packages:/autofs/nccs-svm1_sw/summit/.swci/0-core/opt/spack/20180914/linux-rhel7-ppc64le/gcc-4.8.5/py-virtualenv-16.0.0-ohsvxc5mf4aornhyrfp4ecea5bzcowon/lib/python2.7/site-packages:/autofs/nccs-svm1_sw/summit/.swci/0-core/opt/spack/20180914/linux-rhel7-ppc64le/gcc-4.8.5/py-pip-10.0.1-ppmoqmblkncxkfwytkqpu4afmqylywbj/lib/python3.7/site-packages:/ccs/home/litan/DrugWorkflows/workflow-3/amber18/lib/python2.7/site-packages

  python               : 3.7.0
  pythonpath           : /gpfs/alpine/scratch/litan/med110/radical.pilot.sandbox/re.session.login1.litan.018465.0001/pilot.0000/rp_install/lib/python3.7/site-packages::/autofs/nccs-svm1_sw/summit/.swci/0-core/opt/spack/20180914/linux-rhel7-ppc64le/gcc-4.8.5/py-setuptools-40.4.3-xynpmbuwujfkcw52tegkndot6jj5bye5/lib/python3.7/site-packages:/autofs/nccs-svm1_sw/summit/.swci/0-core/opt/spack/20180914/linux-rhel7-ppc64le/gcc-4.8.5/py-virtualenv-16.0.0-ohsvxc5mf4aornhyrfp4ecea5bzcowon/lib/python2.7/site-packages:/autofs/nccs-svm1_sw/summit/.swci/0-core/opt/spack/20180914/linux-rhel7-ppc64le/gcc-4.8.5/py-pip-10.0.1-ppmoqmblkncxkfwytkqpu4afmqylywbj/lib/python3.7/site-packages:/ccs/home/litan/DrugWorkflows/workflow-3/amber18/lib/python2.7/site-packages
  virtualenv           : /gpfs/alpine/med110/scratch/litan/radical.pilot.sandbox/ve.ornl.summit.1.3.0

  radical.pilot        : 1.3.0
  radical.saga         : 1.3.0
  radical.utils        : 1.3.1

RU: 1.3.1 /gpfs/alpine/scratch/litan/med110/radical.pilot.sandbox/re.session.login1.litan.018465.0001/pilot.0000/rp_install/lib/python3.7/site-packages/radical/utils/__init__.py
RS: 1.3.0 /gpfs/alpine/scratch/litan/med110/radical.pilot.sandbox/re.session.login1.litan.018465.0001/pilot.0000/rp_install/lib/python3.7/site-packages/radical/saga/__init__.py
RP: 1.3.0 /gpfs/alpine/scratch/litan/med110/radical.pilot.sandbox/re.session.login1.litan.018465.0001/pilot.0000/rp_install/lib/python3.7/site-packages/radical/pilot/__init__.py
install ok!

---------------------------------------------------------------------


# -------------------------------------------------------------------
# Launching radical-pilot-agent 
# CMDLINE: /gpfs/alpine/med110/scratch/litan/radical.pilot.sandbox/ve.ornl.summit.1.3.0/bin/python /gpfs/alpine/scratch/litan/med110/radical.pilot.sandbox/re.session.login1.litan.018465.0001/pilot.0000/rp_install/bin/radical-pilot-agent
ntphost: 46.101.140.169
ping: socket: Operation not permitted
44.0000,sync_rel,bootstrap_0,MainThread,pilot.0000,PMGR_ACTIVE_PENDING,agent.0
.........................................................................................................................................................................................................................................................................840.0000,killme,bootstrap_0,MainThread,pilot.0000,PMGR_ACTIVE_PENDING,2020-07-22 07:57:04.712
840.0000,sigterm,bootstrap_0,MainThread,pilot.0000,PMGR_ACTIVE_PENDING,2020-07-22 07:57:04.731
send SIGTERM to 93508 (90131)
COND start 'kill -0  93508' (I: 1 T: 30)
/gpfs/alpine/scratch/litan/med110/radical.pilot.sandbox/re.session.login1.litan.018465.0001/bootstrap_0.sh: line 257: 93508 Terminated              ./bootstrap_2.sh 'agent.0' > agent.0.bootstrap_2.out 2> agent.0.bootstrap_2.err
/gpfs/alpine/scratch/litan/med110/radical.pilot.sandbox/re.session.login1.litan.018465.0001/bootstrap_0.sh: line 270: kill: (93508) - No such process
COND failed (1)
agent 93508 is final
agent 93508 is final (143)
841.0000,agent_final,bootstrap_0,MainThread,pilot.0000,PMGR_ACTIVE_PENDING,93508:143 2020-07-22 07:57:05.762

# -------------------------------------------------------------------
# CLEANUP: 
#
841.0000,cleanup_start,bootstrap_0,MainThread,pilot.0000,PMGR_ACTIVE_PENDING,
841.0000,cleanup_stop,bootstrap_0,MainThread,pilot.0000,PMGR_ACTIVE_PENDING,
#
# -------------------------------------------------------------------

# -------------------------------------------------------------------
#
# Mark final profiling entry ...
841.0000,bootstrap_0_stop,bootstrap_0,MainThread,pilot.0000,PMGR_ACTIVE_PENDING,
841.0000,END,bootstrap_0,MainThread,pilot.0000,PMGR_ACTIVE_PENDING,
#
# -------------------------------------------------------------------

# -------------------------------------------------------------------
#
# We wait for some seconds for the FS to flush profiles.
# Success is assumed when all profiles end with a 'END' event.
#
# -------------------------------------------------------------------
delay profile sync @ 1: 21 != 7
delay profile sync @ 2: 21 != 7
delay profile sync @ 3: 21 != 7
delay profile sync @ 4: 21 != 7
abort profile sync @ 5: 21 != 7
nprofs 21 =? nend 7
Wed Jul 22 07:57:09 EDT 2020

# -------------------------------------------------------------------
#
# Tarring profiles ...
-rw-rw-r-- 1 litan litan 100430 Jul 22 07:57 pilot.0000.prof.tgz
#
# -------------------------------------------------------------------

# -------------------------------------------------------------------
#
# Tarring logfiles ...
